C:\Users\Dell\source\repos\CustomerProjectCore\CustomerProjectCore\wwwroot\CustomerApp\dist\out-tsc\src\CustomerApp\Home\CustomerApp.MasterPageComponent.js
C:\Users\Dell\source\repos\CustomerProjectCore\CustomerProjectCore\wwwroot\CustomerApp\dist\out-tsc\src\CustomerApp\Home\CustomerApp.MasterPageComponent.js.map
C:\Users\Dell\source\repos\CustomerProjectCore\CustomerProjectCore\wwwroot\CustomerApp\dist\out-tsc\src\CustomerApp\Utility\CustomerApp.Logger.js
C:\Users\Dell\source\repos\CustomerProjectCore\CustomerProjectCore\wwwroot\CustomerApp\dist\out-tsc\src\CustomerApp\Utility\CustomerApp.Logger.js.map
C:\Users\Dell\source\repos\CustomerProjectCore\CustomerProjectCore\wwwroot\CustomerApp\dist\out-tsc\src\CustomerApp\Home\CustomerApp.HomeComponent.js
C:\Users\Dell\source\repos\CustomerProjectCore\CustomerProjectCore\wwwroot\CustomerApp\dist\out-tsc\src\CustomerApp\Home\CustomerApp.HomeComponent.js.map
C:\Users\Dell\source\repos\CustomerProjectCore\CustomerProjectCore\wwwroot\CustomerApp\dist\out-tsc\src\CustomerApp\Routing\CustomerApp.MainRouting.js
C:\Users\Dell\source\repos\CustomerProjectCore\CustomerProjectCore\wwwroot\CustomerApp\dist\out-tsc\src\CustomerApp\Routing\CustomerApp.MainRouting.js.map
C:\Users\Dell\source\repos\CustomerProjectCore\CustomerProjectCore\wwwroot\CustomerApp\dist\out-tsc\src\CustomerApp\Home\CustomerApp.MainModule.js
C:\Users\Dell\source\repos\CustomerProjectCore\CustomerProjectCore\wwwroot\CustomerApp\dist\out-tsc\src\CustomerApp\Home\CustomerApp.MainModule.js.map
C:\Users\Dell\source\repos\CustomerProjectCore\CustomerProjectCore\wwwroot\CustomerApp\dist\out-tsc\src\environments\environment.js
C:\Users\Dell\source\repos\CustomerProjectCore\CustomerProjectCore\wwwroot\CustomerApp\dist\out-tsc\src\environments\environment.js.map
C:\Users\Dell\source\repos\CustomerProjectCore\CustomerProjectCore\wwwroot\CustomerApp\dist\out-tsc\src\main.js
C:\Users\Dell\source\repos\CustomerProjectCore\CustomerProjectCore\wwwroot\CustomerApp\dist\out-tsc\src\main.js.map
C:\Users\Dell\source\repos\CustomerProjectCore\CustomerProjectCore\wwwroot\CustomerApp\dist\out-tsc\src\polyfills.js
C:\Users\Dell\source\repos\CustomerProjectCore\CustomerProjectCore\wwwroot\CustomerApp\dist\out-tsc\src\polyfills.js.map
C:\Users\Dell\source\repos\CustomerProjectCore\CustomerProjectCore\wwwroot\CustomerApp\dist\out-tsc\src\test.js
C:\Users\Dell\source\repos\CustomerProjectCore\CustomerProjectCore\wwwroot\CustomerApp\dist\out-tsc\src\test.js.map
C:\Users\Dell\source\repos\CustomerProjectCore\CustomerProjectCore\wwwroot\CustomerApp\dist\out-tsc\e2e\src\app.po.js
C:\Users\Dell\source\repos\CustomerProjectCore\CustomerProjectCore\wwwroot\CustomerApp\dist\out-tsc\e2e\src\app.po.js.map
C:\Users\Dell\source\repos\CustomerProjectCore\CustomerProjectCore\wwwroot\CustomerApp\dist\out-tsc\e2e\src\app.e2e-spec.js
C:\Users\Dell\source\repos\CustomerProjectCore\CustomerProjectCore\wwwroot\CustomerApp\dist\out-tsc\e2e\src\app.e2e-spec.js.map
C:\Users\Dell\source\repos\CustomerProjectCore\CustomerProjectCore\wwwroot\CustomerApp\dist\out-tsc\src\environments\environment.prod.js
C:\Users\Dell\source\repos\CustomerProjectCore\CustomerProjectCore\wwwroot\CustomerApp\dist\out-tsc\src\environments\environment.prod.js.map
C:\Users\Dell\source\repos\CustomerProjectCore\CustomerProjectCore\wwwroot\CustomerApp\dist\out-tsc\src\CustomerApp\Customer\CustomerApp.model.js
C:\Users\Dell\source\repos\CustomerProjectCore\CustomerProjectCore\wwwroot\CustomerApp\dist\out-tsc\src\CustomerApp\Customer\CustomerApp.model.js.map
C:\Users\Dell\source\repos\CustomerProjectCore\CustomerProjectCore\wwwroot\CustomerApp\dist\out-tsc\src\CustomerApp\Customer\CustomerApp.CustomerComponent.js
C:\Users\Dell\source\repos\CustomerProjectCore\CustomerProjectCore\wwwroot\CustomerApp\dist\out-tsc\src\CustomerApp\Customer\CustomerApp.CustomerComponent.js.map
C:\Users\Dell\source\repos\CustomerProjectCore\CustomerProjectCore\wwwroot\CustomerApp\dist\out-tsc\src\CustomerApp\Utility\CustomerApp.GridComponent.js
C:\Users\Dell\source\repos\CustomerProjectCore\CustomerProjectCore\wwwroot\CustomerApp\dist\out-tsc\src\CustomerApp\Utility\CustomerApp.GridComponent.js.map
C:\Users\Dell\source\repos\CustomerProjectCore\CustomerProjectCore\wwwroot\CustomerApp\dist\out-tsc\src\CustomerApp\Routing\CustomerApp.CustomerRouting.js
C:\Users\Dell\source\repos\CustomerProjectCore\CustomerProjectCore\wwwroot\CustomerApp\dist\out-tsc\src\CustomerApp\Routing\CustomerApp.CustomerRouting.js.map
C:\Users\Dell\source\repos\CustomerProjectCore\CustomerProjectCore\wwwroot\CustomerApp\dist\out-tsc\src\CustomerApp\Utility\Utility.HttpInterceptor.js
C:\Users\Dell\source\repos\CustomerProjectCore\CustomerProjectCore\wwwroot\CustomerApp\dist\out-tsc\src\CustomerApp\Utility\Utility.HttpInterceptor.js.map
C:\Users\Dell\source\repos\CustomerProjectCore\CustomerProjectCore\wwwroot\CustomerApp\dist\out-tsc\src\CustomerApp\Customer\CustomerApp.CustomerModule.js
C:\Users\Dell\source\repos\CustomerProjectCore\CustomerProjectCore\wwwroot\CustomerApp\dist\out-tsc\src\CustomerApp\Customer\CustomerApp.CustomerModule.js.map
C:\Users\Dell\source\repos\CustomerProjectCore\CustomerProjectCore\wwwroot\CustomerApp\dist\out-tsc\src\CustomerApp\Supplier\CustomerApp.SupplierComponent.js
C:\Users\Dell\source\repos\CustomerProjectCore\CustomerProjectCore\wwwroot\CustomerApp\dist\out-tsc\src\CustomerApp\Supplier\CustomerApp.SupplierComponent.js.map
C:\Users\Dell\source\repos\CustomerProjectCore\CustomerProjectCore\wwwroot\CustomerApp\dist\out-tsc\src\CustomerApp\Routing\CustomerApp.SuplierRouting.js
C:\Users\Dell\source\repos\CustomerProjectCore\CustomerProjectCore\wwwroot\CustomerApp\dist\out-tsc\src\CustomerApp\Routing\CustomerApp.SuplierRouting.js.map
C:\Users\Dell\source\repos\CustomerProjectCore\CustomerProjectCore\wwwroot\CustomerApp\dist\out-tsc\src\CustomerApp\Supplier\CustomerApp.SupplierModule.js
C:\Users\Dell\source\repos\CustomerProjectCore\CustomerProjectCore\wwwroot\CustomerApp\dist\out-tsc\src\CustomerApp\Supplier\CustomerApp.SupplierModule.js.map
